<?xml version="1.0" encoding="UTF-8"?>
<!-- Generated by org.testng.reporters.JUnitReportReporter -->
<testsuite hostname="DESKTOP-SQ6FNHF" name="utils.SampleLogFileGeneration" tests="1" failures="0" timestamp="3 May 2020 09:50:10 GMT" time="5.705" errors="0">
  <testcase name="sample" time="5.705" classname="utils.SampleLogFileGeneration"/>
</testsuite> <!-- utils.SampleLogFileGeneration -->
